current directory: /Users/Jelly1/Documents/my-app/catalogIt/catalog-it/backend/gems/ed25519-1.4.0/ext/ed25519_ref10
/opt/homebrew/opt/ruby/bin/ruby extconf.rb
checking for whether -Wall is accepted as CFLAGS... yes
checking for whether -O3 is accepted as CFLAGS... yes
checking for whether -pedantic is accepted as CFLAGS... no
checking for whether -std=c99 is accepted as CFLAGS... yes
creating Makefile

current directory: /Users/Jelly1/Documents/my-app/catalogIt/catalog-it/backend/gems/ed25519-1.4.0/ext/ed25519_ref10
make -j9 DESTDIR\= sitearchdir\=./.gem.20260206-48959-cceybk sitelibdir\=./.gem.20260206-48959-cceybk clean

current directory: /Users/Jelly1/Documents/my-app/catalogIt/catalog-it/backend/gems/ed25519-1.4.0/ext/ed25519_ref10
make -j9 DESTDIR\= sitearchdir\=./.gem.20260206-48959-cceybk sitelibdir\=./.gem.20260206-48959-cceybk
compiling ed25519_ref10.c
compiling fe.c
compiling ge.c
compiling open.c
compiling keypair.c
compiling sc_muladd.c
compiling sc_reduce.c
compiling sha512.c
compiling sign.c
compiling verify.c
linking shared-object ed25519_ref10.bundle
ld: warning: search path '/opt/homebrew/Cellar/openssl@3/3.6.0/lib' not found

current directory: /Users/Jelly1/Documents/my-app/catalogIt/catalog-it/backend/gems/ed25519-1.4.0/ext/ed25519_ref10
make -j9 DESTDIR\= sitearchdir\=./.gem.20260206-48959-cceybk sitelibdir\=./.gem.20260206-48959-cceybk install
/usr/bin/install -c -m 0755 ed25519_ref10.bundle ./.gem.20260206-48959-cceybk

current directory: /Users/Jelly1/Documents/my-app/catalogIt/catalog-it/backend/gems/ed25519-1.4.0/ext/ed25519_ref10
make DESTDIR\= sitearchdir\=./.gem.20260206-48959-cceybk sitelibdir\=./.gem.20260206-48959-cceybk clean
