current directory: /Users/Jelly1/Documents/my-app/catalogIt/catalog-it/backend/gems/io-console-0.8.2/ext/io/console
/opt/homebrew/opt/ruby/bin/ruby extconf.rb
checking for rb_syserr_fail_str(0, Qnil)... yes
checking for rb_interned_str_cstr()... yes
checking for rb_io_path() in ruby/io.h... yes
checking for rb_io_descriptor() in ruby/io.h... yes
checking for rb_io_get_write_io() in ruby/io.h... yes
checking for rb_io_closed_p() in ruby/io.h... yes
checking for rb_io_open_descriptor() in ruby/io.h... yes
checking for rb_ractor_local_storage_value_newkey()... yes
checking for termios.h... yes
checking for cfmakeraw() in termios.h... yes
checking for sys/ioctl.h... yes
checking for HAVE_RUBY_FIBER_SCHEDULER_H... yes
checking for ttyname_r()... yes
creating Makefile

current directory: /Users/Jelly1/Documents/my-app/catalogIt/catalog-it/backend/gems/io-console-0.8.2/ext/io/console
make -j9 DESTDIR\= sitearchdir\=./.gem.20260206-48959-nt3a7j sitelibdir\=./.gem.20260206-48959-nt3a7j clean

current directory: /Users/Jelly1/Documents/my-app/catalogIt/catalog-it/backend/gems/io-console-0.8.2/ext/io/console
make -j9 DESTDIR\= sitearchdir\=./.gem.20260206-48959-nt3a7j sitelibdir\=./.gem.20260206-48959-nt3a7j
compiling console.c
linking shared-object io/console.bundle
ld: warning: search path '/opt/homebrew/Cellar/openssl@3/3.6.0/lib' not found

current directory: /Users/Jelly1/Documents/my-app/catalogIt/catalog-it/backend/gems/io-console-0.8.2/ext/io/console
make -j9 DESTDIR\= sitearchdir\=./.gem.20260206-48959-nt3a7j sitelibdir\=./.gem.20260206-48959-nt3a7j install
/usr/bin/install -c -m 0755 console.bundle ./.gem.20260206-48959-nt3a7j/io

current directory: /Users/Jelly1/Documents/my-app/catalogIt/catalog-it/backend/gems/io-console-0.8.2/ext/io/console
make DESTDIR\= sitearchdir\=./.gem.20260206-48959-nt3a7j sitelibdir\=./.gem.20260206-48959-nt3a7j clean
